ERROR:root:Unknown error:
Traceback (most recent call last):
  File "C:\Dropbox\PROJECTS\Workspaces\Python\twitter_notifier\notifierer.py", line 271, in <module>
    n.update_feeds()
  File "C:\Dropbox\PROJECTS\Workspaces\Python\twitter_notifier\notifierer.py", line 94, in update_feeds
    self._check_feed(user)
  File "C:\Dropbox\PROJECTS\Workspaces\Python\twitter_notifier\notifierer.py", line 114, in _check_feed
    filtered_status = self._check_status(status, user, current_time)
  File "C:\Dropbox\PROJECTS\Workspaces\Python\twitter_notifier\notifierer.py", line 155, in _check_status
    return self._custom_notify(user, status.text, time_delta)
  File "C:\Dropbox\PROJECTS\Workspaces\Python\twitter_notifier\notifierer.py", line 166, in _custom_notify
    text = custom_notify(text, time_delta)
  File "C:\Dropbox\PROJECTS\Workspaces\Python\twitter_notifier\notifierer.py", line 260, in notify_wf
    if any(allowed) in text or creds > MIN_CREDS:
TypeError: coercing to Unicode: need string or buffer, bool found
ERROR:root:Unknown error:
Traceback (most recent call last):
  File "C:\Dropbox\PROJECTS\Workspaces\Python\twitter_notifier\notifierer.py", line 271, in <module>
    n.update_feeds()
  File "C:\Dropbox\PROJECTS\Workspaces\Python\twitter_notifier\notifierer.py", line 94, in update_feeds
    self._check_feed(user)
  File "C:\Dropbox\PROJECTS\Workspaces\Python\twitter_notifier\notifierer.py", line 114, in _check_feed
    filtered_status = self._check_status(status, user, current_time)
  File "C:\Dropbox\PROJECTS\Workspaces\Python\twitter_notifier\notifierer.py", line 155, in _check_status
    return self._custom_notify(user, status.text, time_delta)
  File "C:\Dropbox\PROJECTS\Workspaces\Python\twitter_notifier\notifierer.py", line 166, in _custom_notify
    text = custom_notify(text, time_delta)
  File "C:\Dropbox\PROJECTS\Workspaces\Python\twitter_notifier\notifierer.py", line 260, in notify_wf
    if any([x for x in allowed if x in text]) in text or creds > MIN_CREDS:
TypeError: coercing to Unicode: need string or buffer, bool found
